<?xml version="1.0" encoding="UTF-8"?>
<testng-results ignored="0" total="1" passed="1" failed="0" skipped="0">
  <reporter-output>
  </reporter-output>
  <suite started-at="2022-09-04T19:08:03 IST" name="Default suite" finished-at="2022-09-04T19:08:06 IST" duration-ms="2646">
    <groups>
    </groups>
    <test started-at="2022-09-04T19:08:03 IST" name="Default test" finished-at="2022-09-04T19:08:06 IST" duration-ms="2646">
      <class name="Practice1.SumValidation">
        <test-method signature="sumOfCourses()[pri:0, instance:Practice1.SumValidation@429bffaa]" started-at="2022-09-04T19:08:03 IST" name="sumOfCourses" finished-at="2022-09-04T19:08:06 IST" duration-ms="2546" status="PASS">
          <reporter-output>
          </reporter-output>
        </test-method> <!-- sumOfCourses -->
      </class> <!-- Practice1.SumValidation -->
    </test> <!-- Default test -->
  </suite> <!-- Default suite -->
</testng-results>
